2025-08-19 18:48:50,669 [42340] [DEBUG] root debug
2025-08-19 18:48:50,669 [42340] [INFO] root info
2025-08-19 18:48:50,669 [42340] [WARNING] root warning
2025-08-19 18:48:50,669 [42340] [ERROR] root error
2025-08-19 18:48:50,669 [42340] [CRITICAL] root critical
2025-08-19 18:50:59,027 [24728] [DEBUG] root debug
2025-08-19 18:50:59,027 [24728] [INFO] root info
2025-08-19 18:50:59,027 [24728] [WARNING] root warning
2025-08-19 18:50:59,027 [24728] [ERROR] root error
2025-08-19 18:50:59,027 [24728] [CRITICAL] root critical
2025-08-19 18:51:06,588 [40772] [DEBUG] root debug
2025-08-19 18:51:06,589 [40772] [INFO] root info
2025-08-19 18:51:06,589 [40772] [WARNING] root warning
2025-08-19 18:51:06,589 [40772] [ERROR] root error
2025-08-19 18:51:06,590 [40772] [CRITICAL] root critical
2025-08-19 18:51:14,452 [12996] [DEBUG] root debug
2025-08-19 18:51:14,452 [12996] [INFO] root info
2025-08-19 18:51:14,452 [12996] [WARNING] root warning
2025-08-19 18:51:14,452 [12996] [ERROR] root error
2025-08-19 18:51:14,452 [12996] [CRITICAL] root critical
2025-08-19 18:51:38,617 [6788] [DEBUG] root debug
2025-08-19 18:51:38,617 [6788] [INFO] root info
2025-08-19 18:51:38,617 [6788] [WARNING] root warning
2025-08-19 18:51:38,617 [6788] [ERROR] root error
2025-08-19 18:51:38,617 [6788] [CRITICAL] root critical
2025-08-19 18:52:35,367 [8464] [DEBUG] root debug
2025-08-19 18:52:35,367 [8464] [INFO] root info
2025-08-19 18:52:35,367 [8464] [WARNING] root warning
2025-08-19 18:52:35,367 [8464] [ERROR] root error
2025-08-19 18:52:35,367 [8464] [CRITICAL] root critical
2025-08-19 18:52:36,455 [19960] [DEBUG] root debug
2025-08-19 18:52:36,455 [19960] [INFO] root info
2025-08-19 18:52:36,455 [19960] [WARNING] root warning
2025-08-19 18:52:36,455 [19960] [ERROR] root error
2025-08-19 18:52:36,455 [19960] [CRITICAL] root critical
2025-08-19 18:54:15,486 [14348] [DEBUG] root debug
2025-08-19 18:54:15,486 [14348] [INFO] root info
2025-08-19 18:54:15,486 [14348] [WARNING] root warning
2025-08-19 18:54:15,486 [14348] [ERROR] root error
2025-08-19 18:54:15,486 [14348] [CRITICAL] root critical
2025-08-19 18:54:18,177 [40192] [DEBUG] root debug
2025-08-19 18:54:18,177 [40192] [INFO] root info
2025-08-19 18:54:18,177 [40192] [WARNING] root warning
2025-08-19 18:54:18,177 [40192] [ERROR] root error
2025-08-19 18:54:18,177 [40192] [CRITICAL] root critical
2025-08-20 10:54:27,695 [22076] [DEBUG] root debug
2025-08-20 10:54:27,716 [22076] [INFO] root info
2025-08-20 10:54:27,716 [22076] [WARNING] root warning
2025-08-20 10:54:27,716 [22076] [ERROR] root error
2025-08-20 10:54:27,716 [22076] [CRITICAL] root critical
2025-08-20 10:54:29,776 [29400] [DEBUG] root debug
2025-08-20 10:54:29,777 [29400] [INFO] root info
2025-08-20 10:54:29,777 [29400] [WARNING] root warning
2025-08-20 10:54:29,777 [29400] [ERROR] root error
2025-08-20 10:54:29,777 [29400] [CRITICAL] root critical
2025-08-20 10:54:30,861 [39988] [DEBUG] root debug
2025-08-20 10:54:30,861 [39988] [INFO] root info
2025-08-20 10:54:30,861 [39988] [WARNING] root warning
2025-08-20 10:54:30,861 [39988] [ERROR] root error
2025-08-20 10:54:30,861 [39988] [CRITICAL] root critical
2025-08-20 10:54:31,797 [9616] [DEBUG] root debug
2025-08-20 10:54:31,797 [9616] [INFO] root info
2025-08-20 10:54:31,797 [9616] [WARNING] root warning
2025-08-20 10:54:31,797 [9616] [ERROR] root error
2025-08-20 10:54:31,797 [9616] [CRITICAL] root critical
2025-08-20 10:55:06,050 [37884] [DEBUG] root debug
2025-08-20 10:55:06,050 [37884] [INFO] root info
2025-08-20 10:55:06,050 [37884] [WARNING] root warning
2025-08-20 10:55:06,050 [37884] [ERROR] root error
2025-08-20 10:55:06,050 [37884] [CRITICAL] root critical
